<?xml version="1.0" encoding="UTF-8"?>
<!-- Generated by org.testng.reporters.JUnitReportReporter -->
<testsuite hostname="LAPTOP-QQAI18EO" failures="0" tests="1" name="chrpmetest.SetupChrome" time="3.382" errors="0" timestamp="2024-01-03T15:47:48 IST" skipped="0">
  <testcase classname="chrpmetest.SetupChrome" name="loadPage" time="3.382"/>
  <system-out/>
</testsuite> <!-- chrpmetest.SetupChrome -->
