<?xml version="1.0" encoding="UTF-8"?>
<!-- Generated by org.testng.reporters.JUnitReportReporter -->
<testsuite hostname="LAPTOP-QQAI18EO" failures="0" tests="5" name="chrpmetest.SecondClass" time="1.442" errors="0" timestamp="2024-01-03T15:47:48 IST" skipped="0">
  <testcase classname="chrpmetest.SecondClass" name="loadPage" time="1.395"/>
  <system-out/>
  <testcase classname="chrpmetest.SecondClass" name="test1" time="0.017"/>
  <system-out/>
  <testcase classname="chrpmetest.SecondClass" name="test2" time="0.012"/>
  <system-out/>
  <testcase classname="chrpmetest.SecondClass" name="test3" time="0.008"/>
  <system-out/>
  <testcase classname="chrpmetest.SecondClass" name="test4" time="0.010"/>
  <system-out/>
</testsuite> <!-- chrpmetest.SecondClass -->
