<?xml version="1.0" encoding="UTF-8"?>
<!-- Generated by org.testng.reporters.JUnitReportReporter -->
<testsuite hostname="LAPTOP-QQAI18EO" failures="0" tests="1" name="com.appiumTest.Products" time="4.466" errors="0" timestamp="2024-01-03T17:26:20 IST" skipped="0">
  <testcase classname="com.appiumTest.Products" name="test01" time="4.466"/>
  <system-out/>
</testsuite> <!-- com.appiumTest.Products -->
