<?xml version="1.0" encoding="UTF-8"?>
<!-- Generated by org.testng.reporters.JUnitReportReporter -->
<testsuite hostname="LAPTOP-QQAI18EO" failures="0" tests="1" name="appiumTest.MobileBrowser" time="5.514" errors="0" timestamp="2023-09-26T16:26:49 IST" skipped="0">
  <testcase classname="appiumTest.MobileBrowser" name="test1" time="5.514"/>
  <system-out/>
</testsuite> <!-- appiumTest.MobileBrowser -->
