<?xml version="1.0" encoding="UTF-8"?>
<!-- Generated by org.testng.reporters.JUnitReportReporter -->
<testsuite hostname="LAPTOP-QQAI18EO" failures="0" tests="1" name="appiumTest.AppiumParellelTesting" time="30.199" errors="0" timestamp="2023-09-19T17:27:13 IST" skipped="0">
  <testcase classname="appiumTest.AppiumParellelTesting" name="test1" time="30.199"/>
  <system-out/>
</testsuite> <!-- appiumTest.AppiumParellelTesting -->
