<?xml version="1.0" encoding="UTF-8"?>
<!-- Generated by org.testng.reporters.JUnitReportReporter -->
<testsuite hostname="LAPTOP-QQAI18EO" failures="0" tests="4" name="com.appiumTest.Login" time="29.496" errors="0" timestamp="2024-01-03T19:35:13 IST" skipped="0">
  <testcase classname="com.appiumTest.Login" name="test01" time="27.713"/>
  <system-out/>
  <testcase classname="com.appiumTest.Login" name="test02" time="0.237"/>
  <system-out/>
  <testcase classname="com.appiumTest.Login" name="test03" time="1.340"/>
  <system-out/>
  <testcase classname="com.appiumTest.Login" name="test04" time="0.206"/>
  <system-out/>
</testsuite> <!-- com.appiumTest.Login -->
